# JRE version: OpenJDK Runtime Environment (8.0_202-b03) (build 1.8.0_202-release-1483-b03)
# Java VM: OpenJDK 64-Bit Server VM (25.202-b03 mixed mode windows-amd64 compressed oops)
Heap:
 PSYoungGen      total 77312K, used 45885K [0x00000000e0000000, 0x00000000e8780000, 0x0000000100000000)
  eden space 66560K, 57% used [0x00000000e0000000,0x00000000e2538458,0x00000000e4100000)
  from space 10752K, 72% used [0x00000000e4100000,0x00000000e4896fe0,0x00000000e4b80000)
  to   space 10752K, 0% used [0x00000000e7d00000,0x00000000e7d00000,0x00000000e8780000)
 ParOldGen       total 53248K, used 7618K [0x00000000a0000000, 0x00000000a3400000, 0x00000000e0000000)
  object space 53248K, 14% used [0x00000000a0000000,0x00000000a0770a08,0x00000000a3400000)
 Metaspace       used 30241K, capacity 30756K, committed 31232K, reserved 1077248K
  class space    used 4128K, capacity 4279K, committed 4352K, reserved 1048576K
GC Heap History (10 events):
Event: 7.026 GC heap before
{Heap before GC invocations=4 (full 0):
 PSYoungGen      total 38400K, used 38368K [0x00000000e0000000, 0x00000000e2a80000, 0x0000000100000000)
  eden space 33280K, 100% used [0x00000000e0000000,0x00000000e2080000,0x00000000e2080000)
  from space 5120K, 99% used [0x00000000e2080000,0x00000000e25782c8,0x00000000e2580000)
  to   space 5120K, 0% used [0x00000000e2580000,0x00000000e2580000,0x00000000e2a80000)
 ParOldGen       total 87552K, used 2313K [0x00000000a0000000, 0x00000000a5580000, 0x00000000e0000000)
  object space 87552K, 2% used [0x00000000a0000000,0x00000000a0242418,0x00000000a5580000)
 Metaspace       used 16214K, capacity 16608K, committed 16896K, reserved 1062912K
  class space    used 2317K, capacity 2482K, committed 2560K, reserved 1048576K
Event: 7.048 GC heap after
Heap after GC invocations=4 (full 0):
 PSYoungGen      total 38400K, used 5111K [0x00000000e0000000, 0x00000000e4b00000, 0x0000000100000000)
  eden space 33280K, 0% used [0x00000000e0000000,0x00000000e0000000,0x00000000e2080000)
  from space 5120K, 99% used [0x00000000e2580000,0x00000000e2a7dda8,0x00000000e2a80000)
  to   space 5120K, 0% used [0x00000000e2080000,0x00000000e2080000,0x00000000e2580000)
 ParOldGen       total 87552K, used 5774K [0x00000000a0000000, 0x00000000a5580000, 0x00000000e0000000)
  object space 87552K, 6% used [0x00000000a0000000,0x00000000a05a3b60,0x00000000a5580000)
 Metaspace       used 16214K, capacity 16608K, committed 16896K, reserved 1062912K
  class space    used 2317K, capacity 2482K, committed 2560K, reserved 1048576K
}
Event: 8.746 GC heap before
{Heap before GC invocations=5 (full 0):
 PSYoungGen      total 38400K, used 38391K [0x00000000e0000000, 0x00000000e4b00000, 0x0000000100000000)
  eden space 33280K, 100% used [0x00000000e0000000,0x00000000e2080000,0x00000000e2080000)
  from space 5120K, 99% used [0x00000000e2580000,0x00000000e2a7dda8,0x00000000e2a80000)
  to   space 5120K, 0% used [0x00000000e2080000,0x00000000e2080000,0x00000000e2580000)
 ParOldGen       total 87552K, used 5774K [0x00000000a0000000, 0x00000000a5580000, 0x00000000e0000000)
  object space 87552K, 6% used [0x00000000a0000000,0x00000000a05a3b60,0x00000000a5580000)
 Metaspace       used 19909K, capacity 20332K, committed 20736K, reserved 1067008K
  class space    used 2804K, capacity 2970K, committed 3072K, reserved 1048576K
Event: 8.767 GC heap after
Heap after GC invocations=5 (full 0):
 PSYoungGen      total 38400K, used 5112K [0x00000000e0000000, 0x00000000e5600000, 0x0000000100000000)
  eden space 33280K, 0% used [0x00000000e0000000,0x00000000e0000000,0x00000000e2080000)
  from space 5120K, 99% used [0x00000000e2080000,0x00000000e257e040,0x00000000e2580000)
  to   space 10752K, 0% used [0x00000000e4b80000,0x00000000e4b80000,0x00000000e5600000)
 ParOldGen       total 87552K, used 9763K [0x00000000a0000000, 0x00000000a5580000, 0x00000000e0000000)
  object space 87552K, 11% used [0x00000000a0000000,0x00000000a0988d60,0x00000000a5580000)
 Metaspace       used 19909K, capacity 20332K, committed 20736K, reserved 1067008K
  class space    used 2804K, capacity 2970K, committed 3072K, reserved 1048576K
}
Event: 8.951 GC heap before
{Heap before GC invocations=6 (full 0):
 PSYoungGen      total 38400K, used 9124K [0x00000000e0000000, 0x00000000e5600000, 0x0000000100000000)
  eden space 33280K, 12% used [0x00000000e0000000,0x00000000e03eafc8,0x00000000e2080000)
  from space 5120K, 99% used [0x00000000e2080000,0x00000000e257e040,0x00000000e2580000)
  to   space 10752K, 0% used [0x00000000e4b80000,0x00000000e4b80000,0x00000000e5600000)
 ParOldGen       total 87552K, used 9763K [0x00000000a0000000, 0x00000000a5580000, 0x00000000e0000000)
  object space 87552K, 11% used [0x00000000a0000000,0x00000000a0988d60,0x00000000a5580000)
 Metaspace       used 20690K, capacity 21068K, committed 21248K, reserved 1067008K
  class space    used 2857K, capacity 3002K, committed 3072K, reserved 1048576K
Event: 8.984 GC heap after
Heap after GC invocations=6 (full 0):
 PSYoungGen      total 77312K, used 5773K [0x00000000e0000000, 0x00000000e5600000, 0x0000000100000000)
  eden space 66560K, 0% used [0x00000000e0000000,0x00000000e0000000,0x00000000e4100000)
  from space 10752K, 53% used [0x00000000e4b80000,0x00000000e51237a8,0x00000000e5600000)
  to   space 10752K, 0% used [0x00000000e4100000,0x00000000e4100000,0x00000000e4b80000)
 ParOldGen       total 87552K, used 9771K [0x00000000a0000000, 0x00000000a5580000, 0x00000000e0000000)
  object space 87552K, 11% used [0x00000000a0000000,0x00000000a098ad60,0x00000000a5580000)
 Metaspace       used 20690K, capacity 21068K, committed 21248K, reserved 1067008K
  class space    used 2857K, capacity 3002K, committed 3072K, reserved 1048576K
}
Event: 8.984 GC heap before
{Heap before GC invocations=7 (full 1):
 PSYoungGen      total 77312K, used 5773K [0x00000000e0000000, 0x00000000e5600000, 0x0000000100000000)
  eden space 66560K, 0% used [0x00000000e0000000,0x00000000e0000000,0x00000000e4100000)
  from space 10752K, 53% used [0x00000000e4b80000,0x00000000e51237a8,0x00000000e5600000)
  to   space 10752K, 0% used [0x00000000e4100000,0x00000000e4100000,0x00000000e4b80000)
 ParOldGen       total 87552K, used 9771K [0x00000000a0000000, 0x00000000a5580000, 0x00000000e0000000)
  object space 87552K, 11% used [0x00000000a0000000,0x00000000a098ad60,0x00000000a5580000)
 Metaspace       used 20690K, capacity 21068K, committed 21248K, reserved 1067008K
  class space    used 2857K, capacity 3002K, committed 3072K, reserved 1048576K
Event: 9.086 GC heap after
Heap after GC invocations=7 (full 1):
 PSYoungGen      total 77312K, used 0K [0x00000000e0000000, 0x00000000e5600000, 0x0000000100000000)
  eden space 66560K, 0% used [0x00000000e0000000,0x00000000e0000000,0x00000000e4100000)
  from space 10752K, 0% used [0x00000000e4b80000,0x00000000e4b80000,0x00000000e5600000)
  to   space 10752K, 0% used [0x00000000e4100000,0x00000000e4100000,0x00000000e4b80000)
 ParOldGen       total 53248K, used 7610K [0x00000000a0000000, 0x00000000a3400000, 0x00000000e0000000)
  object space 53248K, 14% used [0x00000000a0000000,0x00000000a076ea08,0x00000000a3400000)
 Metaspace       used 20690K, capacity 21068K, committed 21248K, reserved 1067008K
  class space    used 2857K, capacity 3002K, committed 3072K, reserved 1048576K
}
Event: 12.479 GC heap before
{Heap before GC invocations=8 (full 1):
 PSYoungGen      total 77312K, used 66560K [0x00000000e0000000, 0x00000000e5600000, 0x0000000100000000)
  eden space 66560K, 100% used [0x00000000e0000000,0x00000000e4100000,0x00000000e4100000)
  from space 10752K, 0% used [0x00000000e4b80000,0x00000000e4b80000,0x00000000e5600000)
  to   space 10752K, 0% used [0x00000000e4100000,0x00000000e4100000,0x00000000e4b80000)
 ParOldGen       total 53248K, used 7610K [0x00000000a0000000, 0x00000000a3400000, 0x00000000e0000000)
  object space 53248K, 14% used [0x00000000a0000000,0x00000000a076ea08,0x00000000a3400000)
 Metaspace       used 28474K, capacity 28940K, committed 29312K, reserved 1075200K
  class space    used 3815K, capacity 3953K, committed 3968K, reserved 1048576K
Event: 12.494 GC heap after
Heap after GC invocations=8 (full 1):
 PSYoungGen      total 77312K, used 7771K [0x00000000e0000000, 0x00000000e8780000, 0x0000000100000000)
  eden space 66560K, 0% used [0x00000000e0000000,0x00000000e0000000,0x00000000e4100000)
  from space 10752K, 72% used [0x00000000e4100000,0x00000000e4896fe0,0x00000000e4b80000)
  to   space 10752K, 0% used [0x00000000e7d00000,0x00000000e7d00000,0x00000000e8780000)
 ParOldGen       total 53248K, used 7618K [0x00000000a0000000, 0x00000000a3400000, 0x00000000e0000000)
  object space 53248K, 14% used [0x00000000a0000000,0x00000000a0770a08,0x00000000a3400000)
 Metaspace       used 28474K, capacity 28940K, committed 29312K, reserved 1075200K
  class space    used 3815K, capacity 3953K, committed 3968K, reserved 1048576K
}

